<?xml version="1.0" encoding="UTF-8"?>
<coverage generated="1483455050834" clover="3.2.0">
  <project timestamp="1483455050834" name="All files">
    <metrics statements="17" coveredstatements="17" conditionals="41" coveredconditionals="24" methods="15" coveredmethods="15" elements="73" coveredelements="56" complexity="0" loc="17" ncloc="17" packages="2" files="2" classes="2">
      <package name="button">
        <metrics statements="4" coveredstatements="4" conditionals="29" coveredconditionals="16" methods="9" coveredmethods="9"/>
        <file name="index.tsx" path="C:\projects\wst\src\client\button\index.tsx">
          <metrics statements="4" coveredstatements="4" conditionals="29" coveredconditionals="16" methods="9" coveredmethods="9"/>
          <line num="1" count="3" type="stmt"/>
          <line num="9" count="3" type="stmt"/>
          <line num="19" count="4" type="stmt"/>
          <line num="22" count="1" type="stmt"/>
        </file>
      </package>
      <package name="button.__spec__">
        <metrics statements="13" coveredstatements="13" conditionals="12" coveredconditionals="8" methods="6" coveredmethods="6"/>
        <file name="index.spec.tsx" path="C:\projects\wst\src\client\button\__spec__\index.spec.tsx">
          <metrics statements="13" coveredstatements="13" conditionals="12" coveredconditionals="8" methods="6" coveredmethods="6"/>
          <line num="3" count="13" type="stmt"/>
          <line num="4" count="1" type="stmt"/>
          <line num="5" count="1" type="stmt"/>
          <line num="6" count="1" type="stmt"/>
          <line num="7" count="1" type="stmt"/>
          <line num="9" count="1" type="stmt"/>
          <line num="10" count="1" type="stmt"/>
          <line num="11" count="1" type="stmt"/>
          <line num="12" count="1" type="stmt"/>
          <line num="13" count="1" type="stmt"/>
          <line num="15" count="1" type="stmt"/>
          <line num="16" count="1" type="stmt"/>
          <line num="17" count="1" type="stmt"/>
        </file>
      </package>
    </metrics>
  </project>
</coverage>
