{"C:\\projects\\wst\\src\\client\\button\\index.tsx": {"path":"C:\\projects\\wst\\src\\client\\button\\index.tsx","statementMap":{"0":{"start":{"line":1,"column":39},"end":{"line":1,"column":101}},"1":{"start":{"line":1,"column":120},"end":{"line":1,"column":649}},"2":{"start":{"line":1,"column":175},"end":{"line":1,"column":440}},"3":{"start":{"line":1,"column":232},"end":{"line":1,"column":240}},"4":{"start":{"line":1,"column":241},"end":{"line":1,"column":296}},"5":{"start":{"line":1,"column":296},"end":{"line":1,"column":327}},"6":{"start":{"line":1,"column":327},"end":{"line":1,"column":381}},"7":{"start":{"line":1,"column":354},"end":{"line":1,"column":381}},"8":{"start":{"line":1,"column":381},"end":{"line":1,"column":439}},"9":{"start":{"line":1,"column":441},"end":{"line":1,"column":646}},"10":{"start":{"line":1,"column":497},"end":{"line":1,"column":565}},"11":{"start":{"line":1,"column":513},"end":{"line":1,"column":565}},"12":{"start":{"line":1,"column":565},"end":{"line":1,"column":625}},"13":{"start":{"line":1,"column":582},"end":{"line":1,"column":625}},"14":{"start":{"line":1,"column":625},"end":{"line":1,"column":644}},"15":{"start":{"line":1,"column":1109},"end":{"line":1,"column":1208}},"16":{"start":{"line":1,"column":1150},"end":{"line":1,"column":1207}},"17":{"start":{"line":1,"column":1258},"end":{"line":1,"column":1357}},"18":{"start":{"line":1,"column":1270},"end":{"line":1,"column":1356}},"19":{"start":{"line":1,"column":1357},"end":{"line":1,"column":1443}},"20":{"start":{"line":1,"column":1486},"end":{"line":1,"column":1649}},"21":{"start":{"line":1,"column":1548},"end":{"line":1,"column":1648}},"22":{"start":{"line":1,"column":1649},"end":{"line":1,"column":1813}},"23":{"start":{"line":1,"column":1813},"end":{"line":1,"column":1931}},"24":{"start":{"line":1,"column":1829},"end":{"line":1,"column":1931}},"25":{"start":{"line":9,"column":9},"end":{"line":22,"column":42}},"26":{"start":{"line":9,"column":38},"end":{"line":9,"column":74}},"27":{"start":{"line":9,"column":93},"end":{"line":9,"column":123}},"28":{"start":{"line":9,"column":123},"end":{"line":9,"column":239}},"29":{"start":{"line":9,"column":240},"end":{"line":22,"column":10}},"30":{"start":{"line":19,"column":6},"end":{"line":20,"column":152}},"31":{"start":{"line":22,"column":10},"end":{"line":22,"column":24}}},"fnMap":{"0":{"name":"(anonymous_0)","decl":{"start":{"line":1,"column":120},"end":{"line":1,"column":121}},"loc":{"start":{"line":1,"column":132},"end":{"line":1,"column":647}}},"1":{"name":"defineProperties","decl":{"start":{"line":1,"column":142},"end":{"line":1,"column":158}},"loc":{"start":{"line":1,"column":174},"end":{"line":1,"column":441}}},"2":{"name":"(anonymous_2)","decl":{"start":{"line":1,"column":448},"end":{"line":1,"column":449}},"loc":{"start":{"line":1,"column":496},"end":{"line":1,"column":645}}},"3":{"name":"_classCallCheck","decl":{"start":{"line":1,"column":1069},"end":{"line":1,"column":1084}},"loc":{"start":{"line":1,"column":1108},"end":{"line":1,"column":1209}}},"4":{"name":"_possibleConstructorReturn","decl":{"start":{"line":1,"column":1218},"end":{"line":1,"column":1244}},"loc":{"start":{"line":1,"column":1257},"end":{"line":1,"column":1444}}},"5":{"name":"_inherits","decl":{"start":{"line":1,"column":1453},"end":{"line":1,"column":1462}},"loc":{"start":{"line":1,"column":1485},"end":{"line":1,"column":1932}}},"6":{"name":"(anonymous_6)","decl":{"start":{"line":9,"column":9},"end":{"line":9,"column":10}},"loc":{"start":{"line":9,"column":37},"end":{"line":22,"column":25}}},"7":{"name":"Button","decl":{"start":{"line":9,"column":83},"end":{"line":9,"column":89}},"loc":{"start":{"line":9,"column":92},"end":{"line":9,"column":240}}},"8":{"name":"render","decl":{"start":{"line":16,"column":298},"end":{"line":16,"column":304}},"loc":{"start":{"line":17,"column":4},"end":{"line":22,"column":5}}}},"branchMap":{"0":{"loc":{"start":{"line":1,"column":265},"end":{"line":1,"column":295}},"type":"binary-expr","locations":[{"start":{"line":1,"column":265},"end":{"line":1,"column":286}},{"start":{"line":1,"column":290},"end":{"line":1,"column":295}}]},"1":{"loc":{"start":{"line":1,"column":327},"end":{"line":1,"column":381}},"type":"if","locations":[{"start":{"line":1,"column":327},"end":{"line":1,"column":381}},{"start":{"line":1,"column":327},"end":{"line":1,"column":381}}]},"2":{"loc":{"start":{"line":1,"column":497},"end":{"line":1,"column":565}},"type":"if","locations":[{"start":{"line":1,"column":497},"end":{"line":1,"column":565}},{"start":{"line":1,"column":497},"end":{"line":1,"column":565}}]},"3":{"loc":{"start":{"line":1,"column":565},"end":{"line":1,"column":625}},"type":"if","locations":[{"start":{"line":1,"column":565},"end":{"line":1,"column":625}},{"start":{"line":1,"column":565},"end":{"line":1,"column":625}}]},"4":{"loc":{"start":{"line":1,"column":1109},"end":{"line":1,"column":1208}},"type":"if","locations":[{"start":{"line":1,"column":1109},"end":{"line":1,"column":1208}},{"start":{"line":1,"column":1109},"end":{"line":1,"column":1208}}]},"5":{"loc":{"start":{"line":1,"column":1258},"end":{"line":1,"column":1357}},"type":"if","locations":[{"start":{"line":1,"column":1258},"end":{"line":1,"column":1357}},{"start":{"line":1,"column":1258},"end":{"line":1,"column":1357}}]},"6":{"loc":{"start":{"line":1,"column":1364},"end":{"line":1,"column":1442}},"type":"cond-expr","locations":[{"start":{"line":1,"column":1431},"end":{"line":1,"column":1435}},{"start":{"line":1,"column":1438},"end":{"line":1,"column":1442}}]},"7":{"loc":{"start":{"line":1,"column":1364},"end":{"line":1,"column":1428}},"type":"binary-expr","locations":[{"start":{"line":1,"column":1364},"end":{"line":1,"column":1368}},{"start":{"line":1,"column":1373},"end":{"line":1,"column":1397}},{"start":{"line":1,"column":1401},"end":{"line":1,"column":1427}}]},"8":{"loc":{"start":{"line":1,"column":1486},"end":{"line":1,"column":1649}},"type":"if","locations":[{"start":{"line":1,"column":1486},"end":{"line":1,"column":1649}},{"start":{"line":1,"column":1486},"end":{"line":1,"column":1649}}]},"9":{"loc":{"start":{"line":1,"column":1490},"end":{"line":1,"column":1545}},"type":"binary-expr","locations":[{"start":{"line":1,"column":1490},"end":{"line":1,"column":1522}},{"start":{"line":1,"column":1526},"end":{"line":1,"column":1545}}]},"10":{"loc":{"start":{"line":1,"column":1684},"end":{"line":1,"column":1718}},"type":"binary-expr","locations":[{"start":{"line":1,"column":1684},"end":{"line":1,"column":1694}},{"start":{"line":1,"column":1698},"end":{"line":1,"column":1718}}]},"11":{"loc":{"start":{"line":1,"column":1813},"end":{"line":1,"column":1931}},"type":"if","locations":[{"start":{"line":1,"column":1813},"end":{"line":1,"column":1931}},{"start":{"line":1,"column":1813},"end":{"line":1,"column":1931}}]},"12":{"loc":{"start":{"line":1,"column":1829},"end":{"line":1,"column":1930}},"type":"cond-expr","locations":[{"start":{"line":1,"column":1853},"end":{"line":1,"column":1896}},{"start":{"line":1,"column":1899},"end":{"line":1,"column":1930}}]},"13":{"loc":{"start":{"line":9,"column":164},"end":{"line":9,"column":213}},"type":"binary-expr","locations":[{"start":{"line":9,"column":164},"end":{"line":9,"column":180}},{"start":{"line":9,"column":184},"end":{"line":9,"column":213}}]}},"s":{"0":1,"1":1,"2":1,"3":1,"4":1,"5":1,"6":1,"7":1,"8":1,"9":1,"10":1,"11":1,"12":1,"13":0,"14":1,"15":3,"16":0,"17":3,"18":0,"19":3,"20":1,"21":0,"22":1,"23":1,"24":1,"25":1,"26":1,"27":3,"28":3,"29":1,"30":4,"31":1},"f":{"0":1,"1":1,"2":1,"3":3,"4":3,"5":1,"6":1,"7":3,"8":4},"b":{"0":[1,1],"1":[1,0],"2":[1,0],"3":[0,1],"4":[0,3],"5":[0,3],"6":[0,3],"7":[3,0,0],"8":[0,1],"9":[1,0],"10":[1,1],"11":[1,0],"12":[1,0],"13":[3,0]},"_coverageSchema":"332fd63041d2c1bcb487cc26dd0d5f7d97098a6c","hash":"aef91726a84f49b42875345c97c4c036d0e6126d"}
,"C:\\projects\\wst\\src\\client\\button\\__spec__\\index.spec.tsx": {"path":"C:\\projects\\wst\\src\\client\\button\\__spec__\\index.spec.tsx","statementMap":{"0":{"start":{"line":3,"column":148},"end":{"line":3,"column":202}},"1":{"start":{"line":3,"column":242},"end":{"line":3,"column":458}},"2":{"start":{"line":3,"column":270},"end":{"line":3,"column":281}},"3":{"start":{"line":3,"column":302},"end":{"line":3,"column":304}},"4":{"start":{"line":3,"column":305},"end":{"line":3,"column":422}},"5":{"start":{"line":3,"column":323},"end":{"line":3,"column":421}},"6":{"start":{"line":3,"column":345},"end":{"line":3,"column":420}},"7":{"start":{"line":3,"column":397},"end":{"line":3,"column":420}},"8":{"start":{"line":3,"column":422},"end":{"line":3,"column":443}},"9":{"start":{"line":3,"column":443},"end":{"line":3,"column":457}},"10":{"start":{"line":4,"column":0},"end":{"line":19,"column":3}},"11":{"start":{"line":5,"column":4},"end":{"line":8,"column":7}},"12":{"start":{"line":6,"column":48},"end":{"line":6,"column":186}},"13":{"start":{"line":7,"column":8},"end":{"line":7,"column":55}},"14":{"start":{"line":9,"column":4},"end":{"line":14,"column":7}},"15":{"start":{"line":10,"column":48},"end":{"line":10,"column":203}},"16":{"start":{"line":11,"column":8},"end":{"line":11,"column":59}},"17":{"start":{"line":12,"column":8},"end":{"line":12,"column":57}},"18":{"start":{"line":13,"column":8},"end":{"line":13,"column":67}},"19":{"start":{"line":15,"column":4},"end":{"line":18,"column":7}},"20":{"start":{"line":16,"column":48},"end":{"line":16,"column":185}},"21":{"start":{"line":17,"column":8},"end":{"line":17,"column":56}}},"fnMap":{"0":{"name":"_interopRequireDefault","decl":{"start":{"line":3,"column":119},"end":{"line":3,"column":141}},"loc":{"start":{"line":3,"column":147},"end":{"line":3,"column":203}}},"1":{"name":"_interopRequireWildcard","decl":{"start":{"line":3,"column":212},"end":{"line":3,"column":235}},"loc":{"start":{"line":3,"column":241},"end":{"line":3,"column":459}}},"2":{"name":"(anonymous_2)","decl":{"start":{"line":4,"column":23},"end":{"line":4,"column":24}},"loc":{"start":{"line":4,"column":35},"end":{"line":19,"column":1}}},"3":{"name":"(anonymous_3)","decl":{"start":{"line":5,"column":33},"end":{"line":5,"column":34}},"loc":{"start":{"line":5,"column":45},"end":{"line":8,"column":5}}},"4":{"name":"(anonymous_4)","decl":{"start":{"line":9,"column":39},"end":{"line":9,"column":40}},"loc":{"start":{"line":9,"column":51},"end":{"line":14,"column":5}}},"5":{"name":"(anonymous_5)","decl":{"start":{"line":15,"column":31},"end":{"line":15,"column":32}},"loc":{"start":{"line":15,"column":43},"end":{"line":18,"column":5}}}},"branchMap":{"0":{"loc":{"start":{"line":3,"column":155},"end":{"line":3,"column":201}},"type":"cond-expr","locations":[{"start":{"line":3,"column":179},"end":{"line":3,"column":182}},{"start":{"line":3,"column":185},"end":{"line":3,"column":201}}]},"1":{"loc":{"start":{"line":3,"column":155},"end":{"line":3,"column":176}},"type":"binary-expr","locations":[{"start":{"line":3,"column":155},"end":{"line":3,"column":158}},{"start":{"line":3,"column":162},"end":{"line":3,"column":176}}]},"2":{"loc":{"start":{"line":3,"column":242},"end":{"line":3,"column":458}},"type":"if","locations":[{"start":{"line":3,"column":242},"end":{"line":3,"column":458}},{"start":{"line":3,"column":242},"end":{"line":3,"column":458}}]},"3":{"loc":{"start":{"line":3,"column":246},"end":{"line":3,"column":267}},"type":"binary-expr","locations":[{"start":{"line":3,"column":246},"end":{"line":3,"column":249}},{"start":{"line":3,"column":253},"end":{"line":3,"column":267}}]},"4":{"loc":{"start":{"line":3,"column":305},"end":{"line":3,"column":422}},"type":"if","locations":[{"start":{"line":3,"column":305},"end":{"line":3,"column":422}},{"start":{"line":3,"column":305},"end":{"line":3,"column":422}}]},"5":{"loc":{"start":{"line":3,"column":345},"end":{"line":3,"column":420}},"type":"if","locations":[{"start":{"line":3,"column":345},"end":{"line":3,"column":420}},{"start":{"line":3,"column":345},"end":{"line":3,"column":420}}]}},"s":{"0":1,"1":1,"2":0,"3":1,"4":1,"5":1,"6":13,"7":13,"8":1,"9":1,"10":1,"11":1,"12":1,"13":1,"14":1,"15":1,"16":1,"17":1,"18":1,"19":1,"20":1,"21":1},"f":{"0":1,"1":1,"2":1,"3":1,"4":1,"5":1},"b":{"0":[1,0],"1":[1,1],"2":[0,1],"3":[1,1],"4":[1,0],"5":[13,0]},"_coverageSchema":"332fd63041d2c1bcb487cc26dd0d5f7d97098a6c","hash":"3282b8c311ef58d50b17e8d4f3e8a2a9a4a80631"}
}
