TN:
SF:C:\projects\wst\src\client\button\index.tsx
FN:1,(anonymous_0)
FN:1,defineProperties
FN:1,(anonymous_2)
FN:1,_classCallCheck
FN:1,_possibleConstructorReturn
FN:1,_inherits
FN:9,(anonymous_6)
FN:9,Button
FN:16,render
FNF:9
FNH:9
FNDA:1,(anonymous_0)
FNDA:1,defineProperties
FNDA:1,(anonymous_2)
FNDA:3,_classCallCheck
FNDA:3,_possibleConstructorReturn
FNDA:1,_inherits
FNDA:1,(anonymous_6)
FNDA:3,Button
FNDA:4,render
DA:1,3
DA:9,3
DA:19,4
DA:22,1
LF:4
LH:4
BRDA:1,0,0,1
BRDA:1,0,1,1
BRDA:1,1,0,1
BRDA:1,1,1,0
BRDA:1,2,0,1
BRDA:1,2,1,0
BRDA:1,3,0,0
BRDA:1,3,1,1
BRDA:1,4,0,0
BRDA:1,4,1,3
BRDA:1,5,0,0
BRDA:1,5,1,3
BRDA:1,6,0,0
BRDA:1,6,1,3
BRDA:1,7,0,3
BRDA:1,7,1,0
BRDA:1,7,2,0
BRDA:1,8,0,0
BRDA:1,8,1,1
BRDA:1,9,0,1
BRDA:1,9,1,0
BRDA:1,10,0,1
BRDA:1,10,1,1
BRDA:1,11,0,1
BRDA:1,11,1,0
BRDA:1,12,0,1
BRDA:1,12,1,0
BRDA:9,13,0,3
BRDA:9,13,1,0
BRF:29
BRH:16
end_of_record
TN:
SF:C:\projects\wst\src\client\button\__spec__\index.spec.tsx
FN:3,_interopRequireDefault
FN:3,_interopRequireWildcard
FN:4,(anonymous_2)
FN:5,(anonymous_3)
FN:9,(anonymous_4)
FN:15,(anonymous_5)
FNF:6
FNH:6
FNDA:1,_interopRequireDefault
FNDA:1,_interopRequireWildcard
FNDA:1,(anonymous_2)
FNDA:1,(anonymous_3)
FNDA:1,(anonymous_4)
FNDA:1,(anonymous_5)
DA:3,13
DA:4,1
DA:5,1
DA:6,1
DA:7,1
DA:9,1
DA:10,1
DA:11,1
DA:12,1
DA:13,1
DA:15,1
DA:16,1
DA:17,1
LF:13
LH:13
BRDA:3,0,0,1
BRDA:3,0,1,0
BRDA:3,1,0,1
BRDA:3,1,1,1
BRDA:3,2,0,0
BRDA:3,2,1,1
BRDA:3,3,0,1
BRDA:3,3,1,1
BRDA:3,4,0,1
BRDA:3,4,1,0
BRDA:3,5,0,13
BRDA:3,5,1,0
BRF:12
BRH:8
end_of_record
